<?xml version="1.0" encoding="UTF-8"?>
<!-- Generated by org.testng.reporters.JUnitReportReporter -->
<testsuite hostname="DESKTOP-N2OGGF4" failures="0" tests="1" name="Ecommers.snapdeal" time="14.945" errors="0" timestamp="2023-08-01T12:36:24 IST" skipped="0">
  <testcase classname="Ecommers.snapdeal" name="snapdealTest" time="14.945"/>
  <system-out/>
</testsuite> <!-- Ecommers.snapdeal -->
