<?xml version="1.0" encoding="UTF-8"?>
<!-- Generated by org.testng.reporters.JUnitReportReporter -->
<testsuite hostname="DESKTOP-N2OGGF4" failures="0" tests="1" name="Ecommers.flipkart" time="12.570" errors="0" timestamp="2023-07-26T08:19:08 IST" skipped="0">
  <testcase classname="Ecommers.flipkart" name="flipkartTest" time="12.570"/>
  <system-out>
    <![CDATA[opening Flipcart]]>
  </system-out>
</testsuite> <!-- Ecommers.flipkart -->
