<?xml version="1.0" encoding="UTF-8"?>
<!-- Generated by org.testng.reporters.JUnitReportReporter -->
<testsuite hostname="DESKTOP-N2OGGF4" failures="0" tests="1" name="Ecommers.Myntra" time="18.596" errors="0" timestamp="2023-07-26T08:19:08 IST" skipped="0">
  <testcase classname="Ecommers.Myntra" name="myntraTest" time="18.596"/>
  <system-out>
    <![CDATA[opening Myntra]]>
  </system-out>
</testsuite> <!-- Ecommers.Myntra -->
