<?xml version="1.0" encoding="UTF-8"?>
<!-- Generated by org.testng.reporters.JUnitReportReporter -->
<testsuite hostname="DESKTOP-N2OGGF4" failures="0" tests="1" name="Ecommers.Amazon" time="31.704" errors="0" timestamp="2023-07-26T08:19:08 IST" skipped="0">
  <testcase classname="Ecommers.Amazon" name="amazonTest" time="31.704"/>
  <system-out>
    <![CDATA[opening Amazon]]>
  </system-out>
</testsuite> <!-- Ecommers.Amazon -->
